Arguments: 
  /usr/local/bin/node /usr/local/bin/yarn add insert-css

PATH: 
  /usr/local/mongodb/bin:/usr/local/mongodb/bin:/usr/local/bin:/usr/local/sbin:/usr/local/bin:/usr/bin:/bin:/usr/sbin:/sbin:/usr/local/go/bin:/Library/Apple/usr/bin:/Users/orso/Desktop/learn/MyDoc/node_modules/.bin

Yarn version: 
  1.22.4

Node version: 
  12.22.1

Platform: 
  darwin x64

Trace: 
  Error: ENOENT: no such file or directory, copyfile '/Users/orso/Library/Caches/Yarn/v6/npm-ansi-styles-3.2.1-41fbb20243e50b12be0f04b8dedbf07520ce841d-integrity/node_modules/ansi-styles/index.js' -> '/Users/orso/Desktop/learn/MyDoc/node_modules/@umijs/bundler-webpack/node_modules/ansi-styles/index.js'

npm manifest: 
  {
    "private": true,
    "name": "or_so",
    "scripts": {
      "start": "dumi dev",
      "docs:build": "dumi build",
      "build": "father-build",
      "prettier": "prettier --write '**/*.{js,jsx,tsx,ts,less,md,json}'",
      "test": "umi-test",
      "test:coverage": "umi-test --coverage",
      "doc:deploy": "bash ./scripts/deploy_doc.sh"
    },
    "main": "dist/index.js",
    "module": "dist/index.esm.js",
    "typings": "dist/index.d.ts",
    "gitHooks": {
      "pre-commit": "lint-staged"
    },
    "lint-staged": {
      "*.{js,jsx,less,md,json}": [
        "prettier --write"
      ],
      "*.ts?(x)": [
        "prettier --parser=typescript --write"
      ]
    },
    "repository": {
      "type": "git",
      "url": "git+https://github.com/mxszs/or_so.git",
      "branch": "master",
      "platform": "github"
    },
    "dependencies": {
      "@ant-design/icons": "^4.2.2",
      "@antv/g": "^3.4.7",
      "@antv/g6": "^3.4.4",
      "@umijs/preset-react": "1.x",
      "@umijs/test": "^3.0.5",
      "ahooks": "^2.8.1",
      "antd": "^4.8.0",
      "classnames": "^2.2.6",
      "dumi": "^1.0.5",
      "father-build": "^1.17.2",
      "gh-pages": "^2.2.0",
      "lint-staged": "^10.0.7",
      "prettier": "^1.19.1",
      "react": "^16.12.0",
      "yorkie": "^2.0.0"
    },
    "devDependencies": {
      "@types/classnames": "^2.2.10",
      "dumi": "^1.0.13"
    }
  }

yarn manifest: 
  No manifest

Lockfile: 
  No lockfile
